[0.009s] Invoking command in '/home/harekasa/harekasa_sentry_ws/build/behaviortree_cpp': CMAKE_PREFIX_PATH=${CMAKE_PREFIX_PATH}:/opt/ros/jazzy /usr/bin/cmake /home/harekasa/harekasa_sentry_ws/src/behaviortree_cpp -DCMAKE_INSTALL_PREFIX=/home/harekasa/harekasa_sentry_ws/install/behaviortree_cpp
[0.068s] -- The C compiler identification is GNU 13.3.0
[0.114s] -- The CXX compiler identification is GNU 13.3.0
[0.125s] -- Detecting C compiler ABI info
[0.168s] -- Detecting C compiler ABI info - done
[0.173s] -- Check for working C compiler: /usr/bin/cc - skipped
[0.174s] -- Detecting C compile features
[0.175s] -- Detecting C compile features - done
[0.179s] -- Detecting CXX compiler ABI info
[0.227s] -- Detecting CXX compiler ABI info - done
[0.232s] -- Check for working CXX compiler: /usr/bin/c++ - skipped
[0.232s] -- Detecting CXX compile features
[0.233s] -- Detecting CXX compile features - done
[0.233s] -- Setting build type to 'Release' as none was specified.
[0.319s] -- Found Python3: /usr/bin/python3 (found version "3.12.3") found components: Interpreter 
[0.386s] -- ------------------------------------------
[0.386s] -- BehaviorTree is being built using AMENT.
[0.386s] -- ------------------------------------------
[0.387s] -- Found ament_index_cpp: 1.8.2 (/opt/ros/jazzy/share/ament_index_cpp/cmake)
[0.389s] -- Found tinyxml2_vendor: 0.9.2 (/opt/ros/jazzy/share/tinyxml2_vendor/cmake)
[0.394s] -- Found TinyXML2 via Config file: /usr/lib/x86_64-linux-gnu/cmake/tinyxml2
[0.394s] -- Performing Test CMAKE_HAVE_LIBC_PTHREAD
[0.448s] -- Performing Test CMAKE_HAVE_LIBC_PTHREAD - Success
[0.448s] -- Found Threads: TRUE  
[0.456s] -- Found ZeroMQ: /usr/lib/x86_64-linux-gnu/libzmq.so  
[0.458s] -- Found SQLite3: /usr/include (found version "3.45.1") 
[0.459s] -- BTCPP_EXTRA_LIBRARIES: $<BUILD_INTERFACE:ament_index_cpp::ament_index_cpp>;$<BUILD_INTERFACE:>;$<BUILD_INTERFACE:>
[0.459s] -- BTCPP_LIB_DESTINATION:   lib 
[0.459s] -- BTCPP_INCLUDE_DESTINATION: include 
[0.464s] -- BUILD_TESTING:   ON 
[0.465s] -- Found ament_cmake_gtest: 2.5.5 (/opt/ros/jazzy/share/ament_cmake_gtest/cmake)
[0.467s] -- Found gtest sources under '/opt/ros/jazzy/src/gtest_vendor': C++ tests using 'Google Test' will be built
[0.520s] -- Configuring done (0.5s)
[0.550s] -- Generating done (0.0s)
[0.558s] -- Build files have been written to: /home/harekasa/harekasa_sentry_ws/build/behaviortree_cpp
[0.564s] Invoked command in '/home/harekasa/harekasa_sentry_ws/build/behaviortree_cpp' returned '0': CMAKE_PREFIX_PATH=${CMAKE_PREFIX_PATH}:/opt/ros/jazzy /usr/bin/cmake /home/harekasa/harekasa_sentry_ws/src/behaviortree_cpp -DCMAKE_INSTALL_PREFIX=/home/harekasa/harekasa_sentry_ws/install/behaviortree_cpp
[0.564s] Invoking command in '/home/harekasa/harekasa_sentry_ws/build/behaviortree_cpp': CMAKE_PREFIX_PATH=${CMAKE_PREFIX_PATH}:/opt/ros/jazzy /usr/bin/cmake --build /home/harekasa/harekasa_sentry_ws/build/behaviortree_cpp -- -j32 -l32
[0.589s] [  1%] [32mBuilding CXX object 3rdparty/minitrace/CMakeFiles/minitrace.dir/minitrace.cpp.o[0m
[0.589s] [  1%] [32mBuilding CXX object gtest/CMakeFiles/gtest.dir/src/gtest-all.cc.o[0m
[0.590s] [  2%] [32mBuilding CXX object gtest/CMakeFiles/gtest_main.dir/src/gtest_main.cc.o[0m
[0.683s] [  3%] [32m[1mLinking CXX static library libminitrace.a[0m
[0.699s] [  3%] Built target minitrace
[0.711s] [  3%] [32mBuilding CXX object CMakeFiles/behaviortree_cpp.dir/src/action_node.cpp.o[0m
[0.711s] [  4%] [32mBuilding CXX object CMakeFiles/behaviortree_cpp.dir/src/behavior_tree.cpp.o[0m
[0.711s] [  4%] [32mBuilding CXX object CMakeFiles/behaviortree_cpp.dir/src/basic_types.cpp.o[0m
[0.712s] [  5%] [32mBuilding CXX object CMakeFiles/behaviortree_cpp.dir/src/bt_factory.cpp.o[0m
[0.712s] [  6%] [32mBuilding CXX object CMakeFiles/behaviortree_cpp.dir/src/tree_node.cpp.o[0m
[0.713s] [  7%] [32mBuilding CXX object CMakeFiles/behaviortree_cpp.dir/src/json_export.cpp.o[0m
[0.713s] [  7%] [32mBuilding CXX object CMakeFiles/behaviortree_cpp.dir/src/actions/updated_action.cpp.o[0m
[0.714s] [  8%] [32mBuilding CXX object CMakeFiles/behaviortree_cpp.dir/src/actions/sleep_node.cpp.o[0m
[0.714s] [  8%] [32mBuilding CXX object CMakeFiles/behaviortree_cpp.dir/src/shared_library.cpp.o[0m
[0.714s] [  9%] [32mBuilding CXX object CMakeFiles/behaviortree_cpp.dir/src/decorators/delay_node.cpp.o[0m
[0.714s] [  9%] [32mBuilding CXX object CMakeFiles/behaviortree_cpp.dir/src/decorators/repeat_node.cpp.o[0m
[0.714s] [ 10%] [32mBuilding CXX object CMakeFiles/behaviortree_cpp.dir/src/blackboard.cpp.o[0m
[0.715s] [ 14%] [32mBuilding CXX object CMakeFiles/behaviortree_cpp.dir/src/decorators/inverter_node.cpp.o[0m
[0.716s] [ 14%] [32mBuilding CXX object CMakeFiles/behaviortree_cpp.dir/src/script_parser.cpp.o[0m
[0.716s] [ 14%] [32mBuilding CXX object CMakeFiles/behaviortree_cpp.dir/src/control_node.cpp.o[0m
[0.716s] [ 14%] [32mBuilding CXX object CMakeFiles/behaviortree_cpp.dir/src/xml_parsing.cpp.o[0m
[0.716s] [ 14%] [32mBuilding CXX object CMakeFiles/behaviortree_cpp.dir/src/script_tokenizer.cpp.o[0m
[0.716s] [ 14%] [32mBuilding CXX object CMakeFiles/behaviortree_cpp.dir/src/decorator_node.cpp.o[0m
[0.716s] [ 14%] [32mBuilding CXX object CMakeFiles/behaviortree_cpp.dir/src/actions/test_node.cpp.o[0m
[0.716s] [ 15%] [32mBuilding CXX object CMakeFiles/behaviortree_cpp.dir/src/decorators/retry_node.cpp.o[0m
[0.716s] [ 16%] [32mBuilding CXX object CMakeFiles/behaviortree_cpp.dir/src/condition_node.cpp.o[0m
[0.717s] [ 16%] [32mBuilding CXX object CMakeFiles/behaviortree_cpp.dir/src/decorators/timeout_node.cpp.o[0m
[0.718s] [ 18%] [32mBuilding CXX object CMakeFiles/behaviortree_cpp.dir/src/decorators/subtree_node.cpp.o[0m
[0.718s] [ 18%] [32mBuilding CXX object CMakeFiles/behaviortree_cpp.dir/src/decorators/updated_decorator.cpp.o[0m
[0.718s] [ 18%] [32mBuilding CXX object CMakeFiles/behaviortree_cpp.dir/src/controls/if_then_else_node.cpp.o[0m
[0.718s] [ 19%] [32mBuilding CXX object CMakeFiles/behaviortree_cpp.dir/src/controls/fallback_node.cpp.o[0m
[0.719s] [ 20%] [32mBuilding CXX object CMakeFiles/behaviortree_cpp.dir/src/controls/parallel_node.cpp.o[0m
[0.720s] [ 21%] [32mBuilding CXX object CMakeFiles/behaviortree_cpp.dir/src/controls/reactive_sequence.cpp.o[0m
[0.720s] [ 22%] [32mBuilding CXX object CMakeFiles/behaviortree_cpp.dir/src/controls/reactive_fallback.cpp.o[0m
[0.721s] [ 22%] [32mBuilding CXX object CMakeFiles/behaviortree_cpp.dir/src/controls/parallel_all_node.cpp.o[0m
[1.314s] [ 22%] [32mBuilding CXX object CMakeFiles/behaviortree_cpp.dir/src/controls/sequence_node.cpp.o[0m
[1.594s] [ 23%] [32m[1mLinking CXX static library libgtest_main.a[0m
[1.749s] [ 23%] Built target gtest_main
[1.788s] [ 24%] [32mBuilding CXX object CMakeFiles/behaviortree_cpp.dir/src/controls/sequence_with_memory_node.cpp.o[0m
[2.017s] [ 25%] [32mBuilding CXX object CMakeFiles/behaviortree_cpp.dir/src/controls/switch_node.cpp.o[0m
[3.217s] [ 25%] [32mBuilding CXX object CMakeFiles/behaviortree_cpp.dir/src/controls/try_catch_node.cpp.o[0m
[3.268s] [ 26%] [32mBuilding CXX object CMakeFiles/behaviortree_cpp.dir/src/controls/while_do_else_node.cpp.o[0m
[3.313s] [ 26%] [32mBuilding CXX object CMakeFiles/behaviortree_cpp.dir/src/loggers/bt_cout_logger.cpp.o[0m
[3.368s] [ 27%] [32mBuilding CXX object CMakeFiles/behaviortree_cpp.dir/src/loggers/bt_file_logger_v2.cpp.o[0m
[3.385s] [ 28%] [32mBuilding CXX object CMakeFiles/behaviortree_cpp.dir/src/loggers/bt_minitrace_logger.cpp.o[0m
[3.391s] [ 28%] [32mBuilding CXX object CMakeFiles/behaviortree_cpp.dir/src/loggers/bt_observer.cpp.o[0m
[3.448s] [ 29%] [32mBuilding CXX object CMakeFiles/behaviortree_cpp.dir/src/loggers/groot2_publisher.cpp.o[0m
[3.462s] [ 30%] [32mBuilding CXX object CMakeFiles/behaviortree_cpp.dir/src/loggers/bt_sqlite_logger.cpp.o[0m
[3.484s] [ 30%] [32mBuilding CXX object CMakeFiles/behaviortree_cpp.dir/src/shared_library_UNIX.cpp.o[0m
[8.097s] [ 30%] [32m[1mLinking CXX static library libgtest.a[0m
[8.115s] [ 30%] Built target gtest
[11.932s] [ 31%] [32m[1mLinking CXX shared library libbehaviortree_cpp.so[0m
[12.001s] [ 31%] Built target behaviortree_cpp
[12.013s] [ 31%] [32mBuilding CXX object sample_nodes/CMakeFiles/crossdoor_nodes_dyn.dir/crossdoor_nodes.cpp.o[0m
[12.014s] [ 31%] [32mBuilding CXX object sample_nodes/CMakeFiles/bt_sample_nodes.dir/dummy_nodes.cpp.o[0m
[12.014s] [ 32%] [32mBuilding CXX object sample_nodes/CMakeFiles/movebase_node_dyn.dir/movebase_node.cpp.o[0m
[12.014s] [ 35%] [32mBuilding CXX object sample_nodes/CMakeFiles/bt_sample_nodes.dir/movebase_node.cpp.o[0m
[12.014s] [ 35%] [32mBuilding CXX object tests/CMakeFiles/plugin_issue953.dir/plugin_issue953/plugin_issue953.cpp.o[0m
[12.014s] [ 35%] [32mBuilding CXX object tools/CMakeFiles/bt4_nodes_model.dir/bt_nodes_model.cpp.o[0m
[12.014s] [ 35%] [32mBuilding CXX object tools/CMakeFiles/bt4_plugin_manifest.dir/bt_plugin_manifest.cpp.o[0m
[12.014s] [ 36%] [32mBuilding CXX object examples/CMakeFiles/t01_first_tree_dynamic.dir/t01_build_your_first_tree.cpp.o[0m
[12.014s] [ 39%] [32mBuilding CXX object sample_nodes/CMakeFiles/bt_sample_nodes.dir/crossdoor_nodes.cpp.o[0m
[12.014s] [ 39%] [32mBuilding CXX object examples/CMakeFiles/test_plugin_executor.dir/plugin_example/plugin_executor.cpp.o[0m
[12.014s] [ 39%] [32mBuilding CXX object examples/CMakeFiles/test_plugin_action.dir/plugin_example/plugin_action.cpp.o[0m
[12.015s] [ 40%] [32mBuilding CXX object sample_nodes/CMakeFiles/dummy_nodes_dyn.dir/dummy_nodes.cpp.o[0m
[13.887s] [ 41%] [32m[1mLinking CXX shared library bin/libcrossdoor_nodes_dyn.so[0m
[13.906s] [ 42%] [32m[1mLinking CXX executable t01_first_tree_dynamic[0m
[13.944s] [ 43%] [32m[1mLinking CXX executable test_plugin_executor[0m
[13.946s] [ 43%] Built target crossdoor_nodes_dyn
[13.958s] [ 44%] [32m[1mLinking CXX executable bt4_nodes_model[0m
[13.972s] [ 44%] [32m[1mLinking CXX executable bt4_plugin_manifest[0m
[13.987s] [ 44%] Built target t01_first_tree_dynamic
[14.013s] [ 44%] Built target bt4_nodes_model
[14.013s] [ 44%] Built target test_plugin_executor
[14.034s] [ 44%] Built target bt4_plugin_manifest
[14.228s] [ 45%] [32m[1mLinking CXX static library lib/libbt_sample_nodes.a[0m
[14.248s] [ 45%] Built target bt_sample_nodes
[14.268s] [ 49%] [32mBuilding CXX object examples/CMakeFiles/t07_load_multiple_xml.dir/t07_load_multiple_xml.cpp.o[0m
[14.268s] [ 49%] [32mBuilding CXX object examples/CMakeFiles/t03_generic_ports.dir/t03_generic_ports.cpp.o[0m
[14.268s] [ 49%] [32mBuilding CXX object examples/CMakeFiles/t05_crossdoor.dir/t05_crossdoor.cpp.o[0m
[14.268s] [ 49%] [32mBuilding CXX object examples/CMakeFiles/t01_first_tree_static.dir/t01_build_your_first_tree.cpp.o[0m
[14.268s] [ 49%] [32mBuilding CXX object examples/CMakeFiles/t02_basic_ports.dir/t02_basic_ports.cpp.o[0m
[14.268s] [ 49%] [32mBuilding CXX object examples/CMakeFiles/t13_access_by_ref.dir/t13_access_by_ref.cpp.o[0m
[14.268s] [ 49%] [32mBuilding CXX object examples/CMakeFiles/t12_default_ports.dir/t12_default_ports.cpp.o[0m
[14.268s] [ 50%] [32mBuilding CXX object examples/CMakeFiles/t11_groot_howto.dir/t11_groot_howto.cpp.o[0m
[14.268s] [ 50%] [32mBuilding CXX object examples/CMakeFiles/t19_polymorphic_ports.dir/t19_polymorphic_ports.cpp.o[0m
[14.268s] [ 50%] [32mBuilding CXX object examples/CMakeFiles/t16_global_blackboard.dir/t16_global_blackboard.cpp.o[0m
[14.268s] [ 50%] [32mBuilding CXX object examples/CMakeFiles/t08_additional_node_args.dir/t08_additional_node_args.cpp.o[0m
[14.268s] [ 50%] [32mBuilding CXX object examples/CMakeFiles/t04_reactive_sequence.dir/t04_reactive_sequence.cpp.o[0m
[14.269s] [ 52%] [32mBuilding CXX object examples/CMakeFiles/t06_subtree_port_remapping.dir/t06_subtree_port_remapping.cpp.o[0m
[14.269s] [ 52%] [32mBuilding CXX object examples/CMakeFiles/t10_observer.dir/t10_observer.cpp.o[0m
[14.269s] [ 53%] [32mBuilding CXX object examples/CMakeFiles/t17_blackboard_backup.dir/t17_blackboard_backup.cpp.o[0m
[14.269s] [ 53%] [32mBuilding CXX object examples/CMakeFiles/t15_nodes_mocking.dir/t15_nodes_mocking.cpp.o[0m
[14.269s] [ 53%] [32mBuilding CXX object examples/CMakeFiles/ex02_runtime_ports.dir/ex02_runtime_ports.cpp.o[0m
[14.269s] [ 54%] [32mBuilding CXX object examples/CMakeFiles/t09_scripting.dir/t09_scripting.cpp.o[0m
[14.270s] [ 54%] [32mBuilding CXX object examples/CMakeFiles/ex03_sqlite_log.dir/ex03_sqlite_log.cpp.o[0m
[14.270s] [ 55%] [32mBuilding CXX object examples/CMakeFiles/t14_subtree_model.dir/t14_subtree_model.cpp.o[0m
[14.270s] [ 56%] [32mBuilding CXX object examples/CMakeFiles/ex01_wrap_legacy.dir/ex01_wrap_legacy.cpp.o[0m
[14.271s] [ 57%] [32mBuilding CXX object examples/CMakeFiles/t18_waypoints.dir/t18_waypoints.cpp.o[0m
[14.469s] [ 57%] [32m[1mLinking CXX shared library test_plugin_action.so[0m
[14.504s] [ 57%] [32m[1mLinking CXX shared library bin/libmovebase_node_dyn.so[0m
[14.599s] [ 57%] Built target test_plugin_action
[14.634s] [ 57%] Built target movebase_node_dyn
[14.725s] [ 57%] [32m[1mLinking CXX shared library bin/libdummy_nodes_dyn.so[0m
[14.835s] [ 57%] Built target dummy_nodes_dyn
[15.051s] [ 57%] [32m[1mLinking CXX shared library plugin_issue953.so[0m
[15.161s] [ 57%] Built target plugin_issue953
[15.195s] [ 58%] [32mBuilding CXX object tests/CMakeFiles/behaviortree_cpp_test.dir/src/condition_test_node.cpp.o[0m
[15.195s] [ 58%] [32mBuilding CXX object tests/CMakeFiles/behaviortree_cpp_test.dir/gtest_basic_types.cpp.o[0m
[15.195s] [ 58%] [32mBuilding CXX object tests/CMakeFiles/behaviortree_cpp_test.dir/gtest_decorator.cpp.o[0m
[15.195s] [ 60%] [32mBuilding CXX object tests/CMakeFiles/behaviortree_cpp_test.dir/gtest_coroutines.cpp.o[0m
[15.195s] [ 60%] [32mBuilding CXX object tests/CMakeFiles/behaviortree_cpp_test.dir/src/action_test_node.cpp.o[0m
[15.196s] [ 60%] [32mBuilding CXX object tests/CMakeFiles/behaviortree_cpp_test.dir/gtest_enums.cpp.o[0m
[15.196s] [ 62%] [32mBuilding CXX object tests/CMakeFiles/behaviortree_cpp_test.dir/gtest_any.cpp.o[0m
[15.196s] [ 62%] [32mBuilding CXX object tests/CMakeFiles/behaviortree_cpp_test.dir/gtest_factory.cpp.o[0m
[15.196s] [ 62%] [32mBuilding CXX object tests/CMakeFiles/behaviortree_cpp_test.dir/gtest_fallback.cpp.o[0m
[15.196s] [ 63%] [32mBuilding CXX object tests/CMakeFiles/behaviortree_cpp_test.dir/gtest_blackboard.cpp.o[0m
[17.548s] [ 64%] [32mBuilding CXX object tests/CMakeFiles/behaviortree_cpp_test.dir/gtest_if_then_else.cpp.o[0m
[17.628s] [ 65%] [32mBuilding CXX object tests/CMakeFiles/behaviortree_cpp_test.dir/gtest_parallel.cpp.o[0m
[18.241s] [ 66%] [32m[1mLinking CXX executable t14_subtree_model[0m
[18.245s] [ 67%] [32m[1mLinking CXX executable t08_additional_node_args[0m
[18.324s] [ 68%] [32m[1mLinking CXX executable t05_crossdoor[0m
[18.446s] [ 68%] Built target t14_subtree_model
[18.460s] [ 68%] [32mBuilding CXX object tests/CMakeFiles/behaviortree_cpp_test.dir/gtest_preconditions.cpp.o[0m
[18.479s] [ 68%] Built target t08_additional_node_args
[18.496s] [ 69%] [32mBuilding CXX object tests/CMakeFiles/behaviortree_cpp_test.dir/gtest_ports.cpp.o[0m
[18.594s] [ 69%] Built target t05_crossdoor
[18.613s] [ 69%] [32mBuilding CXX object tests/CMakeFiles/behaviortree_cpp_test.dir/gtest_port_type_rules.cpp.o[0m
[18.664s] [ 70%] [32m[1mLinking CXX executable ex01_wrap_legacy[0m
[18.688s] [ 70%] [32m[1mLinking CXX executable t10_observer[0m
[18.697s] [ 71%] [32m[1mLinking CXX executable t01_first_tree_static[0m
[18.858s] [ 72%] [32m[1mLinking CXX executable t07_load_multiple_xml[0m
[18.922s] [ 72%] [32m[1mLinking CXX executable t06_subtree_port_remapping[0m
[18.922s] [ 72%] Built target ex01_wrap_legacy
[18.935s] [ 73%] [32mBuilding CXX object tests/CMakeFiles/behaviortree_cpp_test.dir/gtest_postconditions.cpp.o[0m
[18.951s] [ 73%] Built target t01_first_tree_static
[18.965s] [ 74%] [32mBuilding CXX object tests/CMakeFiles/behaviortree_cpp_test.dir/gtest_match.cpp.o[0m
[18.970s] [ 74%] Built target t10_observer
[18.986s] [ 74%] [32mBuilding CXX object tests/CMakeFiles/behaviortree_cpp_test.dir/gtest_name_validation.cpp.o[0m
[19.108s] [ 74%] Built target t07_load_multiple_xml
[19.125s] [ 75%] [32mBuilding CXX object tests/CMakeFiles/behaviortree_cpp_test.dir/gtest_json.cpp.o[0m
[19.127s] [ 75%] [32m[1mLinking CXX executable t09_scripting[0m
[19.222s] [ 75%] Built target t06_subtree_port_remapping
[19.239s] [ 76%] [32mBuilding CXX object tests/CMakeFiles/behaviortree_cpp_test.dir/gtest_loggers.cpp.o[0m
[19.275s] [ 76%] [32m[1mLinking CXX executable t13_access_by_ref[0m
[19.411s] [ 76%] Built target t09_scripting
[19.439s] [ 76%] [32mBuilding CXX object tests/CMakeFiles/behaviortree_cpp_test.dir/gtest_loop.cpp.o[0m
[19.499s] [ 77%] [32m[1mLinking CXX executable t04_reactive_sequence[0m
[19.547s] [ 77%] Built target t13_access_by_ref
[19.583s] [ 78%] [32mBuilding CXX object tests/CMakeFiles/behaviortree_cpp_test.dir/gtest_reactive.cpp.o[0m
[19.651s] [ 79%] [32m[1mLinking CXX executable t16_global_blackboard[0m
[19.688s] [ 79%] [32m[1mLinking CXX executable t02_basic_ports[0m
[19.751s] [ 80%] [32m[1mLinking CXX executable t03_generic_ports[0m
[19.788s] [ 80%] Built target t04_reactive_sequence
[19.805s] [ 81%] [32mBuilding CXX object tests/CMakeFiles/behaviortree_cpp_test.dir/gtest_reactive_backchaining.cpp.o[0m
[19.856s] [ 82%] [32m[1mLinking CXX executable t15_nodes_mocking[0m
[19.943s] [ 82%] Built target t02_basic_ports
[19.959s] [ 83%] [32m[1mLinking CXX executable ex02_runtime_ports[0m
[19.959s] [ 83%] [32m[1mLinking CXX executable t17_blackboard_backup[0m
[19.959s] [ 83%] [32mBuilding CXX object tests/CMakeFiles/behaviortree_cpp_test.dir/gtest_sequence.cpp.o[0m
[19.960s] [ 83%] Built target t16_global_blackboard
[19.973s] [ 84%] [32mBuilding CXX object tests/CMakeFiles/behaviortree_cpp_test.dir/gtest_skipping.cpp.o[0m
[20.062s] [ 84%] Built target t03_generic_ports
[20.081s] [ 84%] [32mBuilding CXX object tests/CMakeFiles/behaviortree_cpp_test.dir/gtest_substitution.cpp.o[0m
[20.117s] [ 84%] Built target t15_nodes_mocking
[20.146s] [ 85%] [32mBuilding CXX object tests/CMakeFiles/behaviortree_cpp_test.dir/gtest_subtree.cpp.o[0m
[20.205s] [ 85%] Built target ex02_runtime_ports
[20.208s] [ 85%] Built target t17_blackboard_backup
[20.224s] [ 85%] [32mBuilding CXX object tests/CMakeFiles/behaviortree_cpp_test.dir/gtest_tree.cpp.o[0m
[20.226s] [ 86%] [32mBuilding CXX object tests/CMakeFiles/behaviortree_cpp_test.dir/gtest_switch.cpp.o[0m
[20.290s] [ 87%] [32mBuilding CXX object tests/CMakeFiles/behaviortree_cpp_test.dir/gtest_try_catch.cpp.o[0m
[20.510s] [ 88%] [32m[1mLinking CXX executable t19_polymorphic_ports[0m
[20.516s] [ 89%] [32m[1mLinking CXX executable t18_waypoints[0m
[20.603s] [ 90%] [32m[1mLinking CXX executable t12_default_ports[0m
[20.733s] [ 90%] Built target t18_waypoints
[20.755s] [ 91%] [32mBuilding CXX object tests/CMakeFiles/behaviortree_cpp_test.dir/gtest_exception_tracking.cpp.o[0m
[20.759s] [ 91%] Built target t19_polymorphic_ports
[20.773s] [ 91%] [32mBuilding CXX object tests/CMakeFiles/behaviortree_cpp_test.dir/gtest_updates.cpp.o[0m
[20.882s] [ 91%] Built target t12_default_ports
[20.897s] [ 92%] [32mBuilding CXX object tests/CMakeFiles/behaviortree_cpp_test.dir/gtest_wakeup.cpp.o[0m
[20.932s] [ 92%] [32mBuilding CXX object tests/CMakeFiles/behaviortree_cpp_test.dir/gtest_interface.cpp.o[0m
[20.934s] [ 93%] [32mBuilding CXX object tests/CMakeFiles/behaviortree_cpp_test.dir/gtest_while_do_else.cpp.o[0m
[20.987s] [ 94%] [32mBuilding CXX object tests/CMakeFiles/behaviortree_cpp_test.dir/gtest_simple_string.cpp.o[0m
[21.275s] [ 95%] [32m[1mLinking CXX executable ex03_sqlite_log[0m
[21.415s] [ 95%] [32mBuilding CXX object tests/CMakeFiles/behaviortree_cpp_test.dir/gtest_polymorphic_ports.cpp.o[0m
[21.560s] [ 95%] Built target ex03_sqlite_log
[21.572s] [ 96%] [32mBuilding CXX object tests/CMakeFiles/behaviortree_cpp_test.dir/gtest_plugin_issue953.cpp.o[0m
[22.025s] [ 97%] [32m[1mLinking CXX executable t11_groot_howto[0m
[22.039s] [ 98%] [32mBuilding CXX object tests/CMakeFiles/behaviortree_cpp_test.dir/gtest_blackboard_thread_safety.cpp.o[0m
[22.277s] [ 98%] Built target t11_groot_howto
[22.294s] [ 98%] [32mBuilding CXX object tests/CMakeFiles/behaviortree_cpp_test.dir/gtest_xml_null_subtree_id.cpp.o[0m
[22.897s] [ 99%] [32mBuilding CXX object tests/CMakeFiles/behaviortree_cpp_test.dir/script_parser_test.cpp.o[0m
[28.792s] [100%] [32m[1mLinking CXX executable behaviortree_cpp_test[0m
[28.930s] [100%] Built target behaviortree_cpp_test
[28.974s] Invoked command in '/home/harekasa/harekasa_sentry_ws/build/behaviortree_cpp' returned '0': CMAKE_PREFIX_PATH=${CMAKE_PREFIX_PATH}:/opt/ros/jazzy /usr/bin/cmake --build /home/harekasa/harekasa_sentry_ws/build/behaviortree_cpp -- -j32 -l32
[28.998s] Invoking command in '/home/harekasa/harekasa_sentry_ws/build/behaviortree_cpp': CMAKE_PREFIX_PATH=${CMAKE_PREFIX_PATH}:/opt/ros/jazzy /usr/bin/cmake --install /home/harekasa/harekasa_sentry_ws/build/behaviortree_cpp
[29.002s] -- Install configuration: "Release"
[29.003s] -- Installing: /home/harekasa/harekasa_sentry_ws/install/behaviortree_cpp/share/behaviortree_cpp/bt_plugins/libcrossdoor_nodes_dyn.so
[29.003s] -- Set non-toolchain portion of runtime path of "/home/harekasa/harekasa_sentry_ws/install/behaviortree_cpp/share/behaviortree_cpp/bt_plugins/libcrossdoor_nodes_dyn.so" to ""
[29.003s] -- Installing: /home/harekasa/harekasa_sentry_ws/install/behaviortree_cpp/share/behaviortree_cpp/bt_plugins/libdummy_nodes_dyn.so
[29.004s] -- Set non-toolchain portion of runtime path of "/home/harekasa/harekasa_sentry_ws/install/behaviortree_cpp/share/behaviortree_cpp/bt_plugins/libdummy_nodes_dyn.so" to ""
[29.004s] -- Installing: /home/harekasa/harekasa_sentry_ws/install/behaviortree_cpp/share/behaviortree_cpp/bt_plugins/libmovebase_node_dyn.so
[29.004s] -- Set non-toolchain portion of runtime path of "/home/harekasa/harekasa_sentry_ws/install/behaviortree_cpp/share/behaviortree_cpp/bt_plugins/libmovebase_node_dyn.so" to ""
[29.004s] -- Installing: /home/harekasa/harekasa_sentry_ws/install/behaviortree_cpp/bin/bt4_plugin_manifest
[29.005s] -- Set non-toolchain portion of runtime path of "/home/harekasa/harekasa_sentry_ws/install/behaviortree_cpp/bin/bt4_plugin_manifest" to ""
[29.005s] -- Installing: /home/harekasa/harekasa_sentry_ws/install/behaviortree_cpp/bin/bt4_nodes_model
[29.005s] -- Set non-toolchain portion of runtime path of "/home/harekasa/harekasa_sentry_ws/install/behaviortree_cpp/bin/bt4_nodes_model" to ""
[29.005s] -- Installing: /home/harekasa/harekasa_sentry_ws/install/behaviortree_cpp/lib/libbehaviortree_cpp.so
[29.007s] -- Set non-toolchain portion of runtime path of "/home/harekasa/harekasa_sentry_ws/install/behaviortree_cpp/lib/libbehaviortree_cpp.so" to ""
[29.007s] -- Installing: /home/harekasa/harekasa_sentry_ws/install/behaviortree_cpp/include
[29.007s] -- Installing: /home/harekasa/harekasa_sentry_ws/install/behaviortree_cpp/include/behaviortree_cpp
[29.007s] -- Installing: /home/harekasa/harekasa_sentry_ws/install/behaviortree_cpp/include/behaviortree_cpp/leaf_node.h
[29.007s] -- Installing: /home/harekasa/harekasa_sentry_ws/install/behaviortree_cpp/include/behaviortree_cpp/behavior_tree.h
[29.007s] -- Installing: /home/harekasa/harekasa_sentry_ws/install/behaviortree_cpp/include/behaviortree_cpp/utils
[29.007s] -- Installing: /home/harekasa/harekasa_sentry_ws/install/behaviortree_cpp/include/behaviortree_cpp/utils/wildcards.hpp
[29.007s] -- Installing: /home/harekasa/harekasa_sentry_ws/install/behaviortree_cpp/include/behaviortree_cpp/utils/platform.hpp
[29.007s] -- Installing: /home/harekasa/harekasa_sentry_ws/install/behaviortree_cpp/include/behaviortree_cpp/utils/demangle_util.h
[29.007s] -- Installing: /home/harekasa/harekasa_sentry_ws/install/behaviortree_cpp/include/behaviortree_cpp/utils/timer_queue.h
[29.007s] -- Installing: /home/harekasa/harekasa_sentry_ws/install/behaviortree_cpp/include/behaviortree_cpp/utils/wakeup_signal.hpp
[29.007s] -- Installing: /home/harekasa/harekasa_sentry_ws/install/behaviortree_cpp/include/behaviortree_cpp/utils/polymorphic_cast_registry.hpp
[29.007s] -- Installing: /home/harekasa/harekasa_sentry_ws/install/behaviortree_cpp/include/behaviortree_cpp/utils/shared_library.h
[29.007s] -- Installing: /home/harekasa/harekasa_sentry_ws/install/behaviortree_cpp/include/behaviortree_cpp/utils/strcat.hpp
[29.007s] -- Installing: /home/harekasa/harekasa_sentry_ws/install/behaviortree_cpp/include/behaviortree_cpp/utils/locked_reference.hpp
[29.007s] -- Installing: /home/harekasa/harekasa_sentry_ws/install/behaviortree_cpp/include/behaviortree_cpp/utils/safe_any.hpp
[29.008s] -- Installing: /home/harekasa/harekasa_sentry_ws/install/behaviortree_cpp/include/behaviortree_cpp/utils/signal.h
[29.008s] -- Installing: /home/harekasa/harekasa_sentry_ws/install/behaviortree_cpp/include/behaviortree_cpp/utils/simple_string.hpp
[29.008s] -- Installing: /home/harekasa/harekasa_sentry_ws/install/behaviortree_cpp/include/behaviortree_cpp/utils/convert_impl.hpp
[29.008s] -- Installing: /home/harekasa/harekasa_sentry_ws/install/behaviortree_cpp/include/behaviortree_cpp/bt_parser.h
[29.008s] -- Installing: /home/harekasa/harekasa_sentry_ws/install/behaviortree_cpp/include/behaviortree_cpp/action_node.h
[29.008s] -- Installing: /home/harekasa/harekasa_sentry_ws/install/behaviortree_cpp/include/behaviortree_cpp/exceptions.h
[29.008s] -- Installing: /home/harekasa/harekasa_sentry_ws/install/behaviortree_cpp/include/behaviortree_cpp/scripting
[29.008s] -- Installing: /home/harekasa/harekasa_sentry_ws/install/behaviortree_cpp/include/behaviortree_cpp/scripting/script_parser.hpp
[29.008s] -- Installing: /home/harekasa/harekasa_sentry_ws/install/behaviortree_cpp/include/behaviortree_cpp/scripting/any_types.hpp
[29.008s] -- Installing: /home/harekasa/harekasa_sentry_ws/install/behaviortree_cpp/include/behaviortree_cpp/scripting/operators.hpp
[29.008s] -- Installing: /home/harekasa/harekasa_sentry_ws/install/behaviortree_cpp/include/behaviortree_cpp/json_export.h
[29.008s] -- Installing: /home/harekasa/harekasa_sentry_ws/install/behaviortree_cpp/include/behaviortree_cpp/controls
[29.008s] -- Installing: /home/harekasa/harekasa_sentry_ws/install/behaviortree_cpp/include/behaviortree_cpp/controls/manual_node.h
[29.008s] -- Installing: /home/harekasa/harekasa_sentry_ws/install/behaviortree_cpp/include/behaviortree_cpp/controls/try_catch_node.h
[29.008s] -- Installing: /home/harekasa/harekasa_sentry_ws/install/behaviortree_cpp/include/behaviortree_cpp/controls/while_do_else_node.h
[29.008s] -- Installing: /home/harekasa/harekasa_sentry_ws/install/behaviortree_cpp/include/behaviortree_cpp/controls/if_then_else_node.h
[29.008s] -- Installing: /home/harekasa/harekasa_sentry_ws/install/behaviortree_cpp/include/behaviortree_cpp/controls/fallback_node.h
[29.008s] -- Installing: /home/harekasa/harekasa_sentry_ws/install/behaviortree_cpp/include/behaviortree_cpp/controls/sequence_node.h
[29.008s] -- Installing: /home/harekasa/harekasa_sentry_ws/install/behaviortree_cpp/include/behaviortree_cpp/controls/reactive_sequence.h
[29.008s] -- Installing: /home/harekasa/harekasa_sentry_ws/install/behaviortree_cpp/include/behaviortree_cpp/controls/sequence_with_memory_node.h
[29.008s] -- Installing: /home/harekasa/harekasa_sentry_ws/install/behaviortree_cpp/include/behaviortree_cpp/controls/parallel_all_node.h
[29.008s] -- Installing: /home/harekasa/harekasa_sentry_ws/install/behaviortree_cpp/include/behaviortree_cpp/controls/parallel_node.h
[29.008s] -- Installing: /home/harekasa/harekasa_sentry_ws/install/behaviortree_cpp/include/behaviortree_cpp/controls/reactive_fallback.h
[29.008s] -- Installing: /home/harekasa/harekasa_sentry_ws/install/behaviortree_cpp/include/behaviortree_cpp/controls/switch_node.h
[29.008s] -- Installing: /home/harekasa/harekasa_sentry_ws/install/behaviortree_cpp/include/behaviortree_cpp/loggers
[29.008s] -- Installing: /home/harekasa/harekasa_sentry_ws/install/behaviortree_cpp/include/behaviortree_cpp/loggers/abstract_logger.h
[29.008s] -- Installing: /home/harekasa/harekasa_sentry_ws/install/behaviortree_cpp/include/behaviortree_cpp/loggers/bt_minitrace_logger.h
[29.008s] -- Installing: /home/harekasa/harekasa_sentry_ws/install/behaviortree_cpp/include/behaviortree_cpp/loggers/groot2_publisher.h
[29.008s] -- Installing: /home/harekasa/harekasa_sentry_ws/install/behaviortree_cpp/include/behaviortree_cpp/loggers/bt_file_logger_v2.h
[29.009s] -- Installing: /home/harekasa/harekasa_sentry_ws/install/behaviortree_cpp/include/behaviortree_cpp/loggers/bt_cout_logger.h
[29.009s] -- Installing: /home/harekasa/harekasa_sentry_ws/install/behaviortree_cpp/include/behaviortree_cpp/loggers/groot2_protocol.h
[29.009s] -- Installing: /home/harekasa/harekasa_sentry_ws/install/behaviortree_cpp/include/behaviortree_cpp/loggers/bt_observer.h
[29.009s] -- Installing: /home/harekasa/harekasa_sentry_ws/install/behaviortree_cpp/include/behaviortree_cpp/loggers/bt_sqlite_logger.h
[29.009s] -- Installing: /home/harekasa/harekasa_sentry_ws/install/behaviortree_cpp/include/behaviortree_cpp/basic_types.h
[29.009s] -- Installing: /home/harekasa/harekasa_sentry_ws/install/behaviortree_cpp/include/behaviortree_cpp/xml_parsing.h
[29.009s] -- Installing: /home/harekasa/harekasa_sentry_ws/install/behaviortree_cpp/include/behaviortree_cpp/control_node.h
[29.009s] -- Installing: /home/harekasa/harekasa_sentry_ws/install/behaviortree_cpp/include/behaviortree_cpp/bt_factory.h
[29.009s] -- Installing: /home/harekasa/harekasa_sentry_ws/install/behaviortree_cpp/include/behaviortree_cpp/actions
[29.009s] -- Installing: /home/harekasa/harekasa_sentry_ws/install/behaviortree_cpp/include/behaviortree_cpp/actions/set_blackboard_node.h
[29.009s] -- Installing: /home/harekasa/harekasa_sentry_ws/install/behaviortree_cpp/include/behaviortree_cpp/actions/script_node.h
[29.009s] -- Installing: /home/harekasa/harekasa_sentry_ws/install/behaviortree_cpp/include/behaviortree_cpp/actions/always_failure_node.h
[29.009s] -- Installing: /home/harekasa/harekasa_sentry_ws/install/behaviortree_cpp/include/behaviortree_cpp/actions/pop_from_queue.hpp
[29.009s] -- Installing: /home/harekasa/harekasa_sentry_ws/install/behaviortree_cpp/include/behaviortree_cpp/actions/test_node.h
[29.009s] -- Installing: /home/harekasa/harekasa_sentry_ws/install/behaviortree_cpp/include/behaviortree_cpp/actions/unset_blackboard_node.h
[29.009s] -- Installing: /home/harekasa/harekasa_sentry_ws/install/behaviortree_cpp/include/behaviortree_cpp/actions/always_success_node.h
[29.009s] -- Installing: /home/harekasa/harekasa_sentry_ws/install/behaviortree_cpp/include/behaviortree_cpp/actions/updated_action.h
[29.009s] -- Installing: /home/harekasa/harekasa_sentry_ws/install/behaviortree_cpp/include/behaviortree_cpp/actions/sleep_node.h
[29.009s] -- Installing: /home/harekasa/harekasa_sentry_ws/install/behaviortree_cpp/include/behaviortree_cpp/actions/script_condition.h
[29.009s] -- Installing: /home/harekasa/harekasa_sentry_ws/install/behaviortree_cpp/include/behaviortree_cpp/contrib
[29.009s] -- Installing: /home/harekasa/harekasa_sentry_ws/install/behaviortree_cpp/include/behaviortree_cpp/contrib/magic_enum.hpp
[29.009s] -- Installing: /home/harekasa/harekasa_sentry_ws/install/behaviortree_cpp/include/behaviortree_cpp/contrib/any.hpp
[29.010s] -- Installing: /home/harekasa/harekasa_sentry_ws/install/behaviortree_cpp/include/behaviortree_cpp/contrib/json.hpp
[29.010s] -- Installing: /home/harekasa/harekasa_sentry_ws/install/behaviortree_cpp/include/behaviortree_cpp/contrib/expected.hpp
[29.010s] -- Installing: /home/harekasa/harekasa_sentry_ws/install/behaviortree_cpp/include/behaviortree_cpp/tree_node.h
[29.010s] -- Installing: /home/harekasa/harekasa_sentry_ws/install/behaviortree_cpp/include/behaviortree_cpp/decorators
[29.010s] -- Installing: /home/harekasa/harekasa_sentry_ws/install/behaviortree_cpp/include/behaviortree_cpp/decorators/retry_node.h
[29.010s] -- Installing: /home/harekasa/harekasa_sentry_ws/install/behaviortree_cpp/include/behaviortree_cpp/decorators/force_success_node.h
[29.010s] -- Installing: /home/harekasa/harekasa_sentry_ws/install/behaviortree_cpp/include/behaviortree_cpp/decorators/force_failure_node.h
[29.010s] -- Installing: /home/harekasa/harekasa_sentry_ws/install/behaviortree_cpp/include/behaviortree_cpp/decorators/keep_running_until_failure_node.h
[29.010s] -- Installing: /home/harekasa/harekasa_sentry_ws/install/behaviortree_cpp/include/behaviortree_cpp/decorators/inverter_node.h
[29.010s] -- Installing: /home/harekasa/harekasa_sentry_ws/install/behaviortree_cpp/include/behaviortree_cpp/decorators/delay_node.h
[29.010s] -- Installing: /home/harekasa/harekasa_sentry_ws/install/behaviortree_cpp/include/behaviortree_cpp/decorators/updated_decorator.h
[29.010s] -- Installing: /home/harekasa/harekasa_sentry_ws/install/behaviortree_cpp/include/behaviortree_cpp/decorators/loop_node.h
[29.010s] -- Installing: /home/harekasa/harekasa_sentry_ws/install/behaviortree_cpp/include/behaviortree_cpp/decorators/repeat_node.h
[29.010s] -- Installing: /home/harekasa/harekasa_sentry_ws/install/behaviortree_cpp/include/behaviortree_cpp/decorators/run_once_node.h
[29.010s] -- Installing: /home/harekasa/harekasa_sentry_ws/install/behaviortree_cpp/include/behaviortree_cpp/decorators/timeout_node.h
[29.010s] -- Installing: /home/harekasa/harekasa_sentry_ws/install/behaviortree_cpp/include/behaviortree_cpp/decorators/consume_queue.h
[29.010s] -- Installing: /home/harekasa/harekasa_sentry_ws/install/behaviortree_cpp/include/behaviortree_cpp/decorators/subtree_node.h
[29.010s] -- Installing: /home/harekasa/harekasa_sentry_ws/install/behaviortree_cpp/include/behaviortree_cpp/decorators/script_precondition.h
[29.010s] -- Installing: /home/harekasa/harekasa_sentry_ws/install/behaviortree_cpp/include/behaviortree_cpp/condition_node.h
[29.010s] -- Installing: /home/harekasa/harekasa_sentry_ws/install/behaviortree_cpp/include/behaviortree_cpp/flatbuffers
[29.010s] -- Installing: /home/harekasa/harekasa_sentry_ws/install/behaviortree_cpp/include/behaviortree_cpp/flatbuffers/bt_flatbuffer_helper.h
[29.010s] -- Installing: /home/harekasa/harekasa_sentry_ws/install/behaviortree_cpp/include/behaviortree_cpp/decorator_node.h
[29.010s] -- Installing: /home/harekasa/harekasa_sentry_ws/install/behaviortree_cpp/include/behaviortree_cpp/blackboard.h
[29.010s] -- Installing: /home/harekasa/harekasa_sentry_ws/install/behaviortree_cpp/share/behaviortree_cpp/environment/library_path.sh
[29.010s] -- Installing: /home/harekasa/harekasa_sentry_ws/install/behaviortree_cpp/share/behaviortree_cpp/environment/library_path.dsv
[29.011s] -- Installing: /home/harekasa/harekasa_sentry_ws/install/behaviortree_cpp/share/ament_index/resource_index/package_run_dependencies/behaviortree_cpp
[29.011s] -- Installing: /home/harekasa/harekasa_sentry_ws/install/behaviortree_cpp/share/ament_index/resource_index/parent_prefix_path/behaviortree_cpp
[29.011s] -- Installing: /home/harekasa/harekasa_sentry_ws/install/behaviortree_cpp/share/behaviortree_cpp/environment/ament_prefix_path.sh
[29.011s] -- Installing: /home/harekasa/harekasa_sentry_ws/install/behaviortree_cpp/share/behaviortree_cpp/environment/ament_prefix_path.dsv
[29.011s] -- Installing: /home/harekasa/harekasa_sentry_ws/install/behaviortree_cpp/share/behaviortree_cpp/environment/path.sh
[29.011s] -- Installing: /home/harekasa/harekasa_sentry_ws/install/behaviortree_cpp/share/behaviortree_cpp/environment/path.dsv
[29.011s] -- Installing: /home/harekasa/harekasa_sentry_ws/install/behaviortree_cpp/share/behaviortree_cpp/local_setup.bash
[29.011s] -- Installing: /home/harekasa/harekasa_sentry_ws/install/behaviortree_cpp/share/behaviortree_cpp/local_setup.sh
[29.011s] -- Installing: /home/harekasa/harekasa_sentry_ws/install/behaviortree_cpp/share/behaviortree_cpp/local_setup.zsh
[29.011s] -- Installing: /home/harekasa/harekasa_sentry_ws/install/behaviortree_cpp/share/behaviortree_cpp/local_setup.dsv
[29.011s] -- Installing: /home/harekasa/harekasa_sentry_ws/install/behaviortree_cpp/share/behaviortree_cpp/package.dsv
[29.011s] -- Installing: /home/harekasa/harekasa_sentry_ws/install/behaviortree_cpp/share/ament_index/resource_index/packages/behaviortree_cpp
[29.012s] -- Installing: /home/harekasa/harekasa_sentry_ws/install/behaviortree_cpp/share/behaviortree_cpp/cmake/behaviortree_cppTargetsExport.cmake
[29.012s] -- Installing: /home/harekasa/harekasa_sentry_ws/install/behaviortree_cpp/share/behaviortree_cpp/cmake/behaviortree_cppTargetsExport-release.cmake
[29.012s] -- Installing: /home/harekasa/harekasa_sentry_ws/install/behaviortree_cpp/share/behaviortree_cpp/cmake/ament_cmake_export_dependencies-extras.cmake
[29.012s] -- Installing: /home/harekasa/harekasa_sentry_ws/install/behaviortree_cpp/share/behaviortree_cpp/cmake/ament_cmake_export_include_directories-extras.cmake
[29.012s] -- Installing: /home/harekasa/harekasa_sentry_ws/install/behaviortree_cpp/share/behaviortree_cpp/cmake/ament_cmake_export_libraries-extras.cmake
[29.012s] -- Installing: /home/harekasa/harekasa_sentry_ws/install/behaviortree_cpp/share/behaviortree_cpp/cmake/ament_cmake_export_targets-extras.cmake
[29.012s] -- Installing: /home/harekasa/harekasa_sentry_ws/install/behaviortree_cpp/share/behaviortree_cpp/cmake/behaviortree_cppConfig.cmake
[29.012s] -- Installing: /home/harekasa/harekasa_sentry_ws/install/behaviortree_cpp/share/behaviortree_cpp/cmake/behaviortree_cppConfig-version.cmake
[29.012s] -- Installing: /home/harekasa/harekasa_sentry_ws/install/behaviortree_cpp/share/behaviortree_cpp/package.xml
[29.020s] Invoked command in '/home/harekasa/harekasa_sentry_ws/build/behaviortree_cpp' returned '0': CMAKE_PREFIX_PATH=${CMAKE_PREFIX_PATH}:/opt/ros/jazzy /usr/bin/cmake --install /home/harekasa/harekasa_sentry_ws/build/behaviortree_cpp
